<?xml version="1.0" encoding="UTF-8"?>
<!-- Generated by org.testng.reporters.JUnitReportReporter -->
<testsuite hostname="DESKTOP-824D8R5" failures="0" tests="1" name="com.Actitime.Testscript.A1_CreateCustomer" time="21.048" errors="0" timestamp="2023-02-22T09:17:43 IST" skipped="0">
  <testcase classname="com.Actitime.Testscript.A1_CreateCustomer" name="CreateCustomer" time="21.048"/>
  <system-out>
    <![CDATA[assertion pass]]>
  </system-out>
</testsuite> <!-- com.Actitime.Testscript.A1_CreateCustomer -->
