<?xml version="1.0" encoding="UTF-8"?>
<!-- Generated by org.testng.reporters.JUnitReportReporter -->
<testsuite hostname="DESKTOP-824D8R5" failures="0" tests="1" name="com.Actitime.Testscript.Assert" time="5.738" errors="0" timestamp="2023-02-21T09:12:11 IST" skipped="0">
  <testcase classname="com.Actitime.Testscript.Assert" name="demonstration" time="5.738"/>
  <system-out/>
</testsuite> <!-- com.Actitime.Testscript.Assert -->
